[debug] [2023-07-23T17:00:40.909Z] ----------------------------------------------------------------------
[debug] [2023-07-23T17:00:40.912Z] Command:       C:\Program Files\nodejs\node.exe C:\Users\MY PC\AppData\Roaming\npm\node_modules\firebase-tools\lib\bin\firebase.js init
[debug] [2023-07-23T17:00:40.912Z] CLI Version:   12.4.3
[debug] [2023-07-23T17:00:40.913Z] Platform:      win32
[debug] [2023-07-23T17:00:40.913Z] Node Version:  v18.14.1
[debug] [2023-07-23T17:00:40.915Z] Time:          Sun Jul 23 2023 22:30:40 GMT+0530 (India Standard Time)
[debug] [2023-07-23T17:00:40.915Z] ----------------------------------------------------------------------
[debug] 
[debug] [2023-07-23T17:00:41.017Z] > command requires scopes: ["email","openid","https://www.googleapis.com/auth/cloudplatformprojects.readonly","https://www.googleapis.com/auth/firebase","https://www.googleapis.com/auth/cloud-platform"]
[debug] [2023-07-23T17:00:41.018Z] > authorizing via signed-in user (northeastkakhabar@gmail.com)
[info] 
     ######## #### ########  ######## ########     ###     ######  ########
     ##        ##  ##     ## ##       ##     ##  ##   ##  ##       ##
     ######    ##  ########  ######   ########  #########  ######  ######
     ##        ##  ##    ##  ##       ##     ## ##     ##       ## ##
     ##       #### ##     ## ######## ########  ##     ##  ######  ########

You're about to initialize a Firebase project in this directory:

  C:\REACT PROJECT\ecommerce-new

Before we get started, keep in mind:

  * You are currently outside your home directory
  * You are initializing within an existing Firebase project directory

[info] 
=== Project Setup
[info] 
[info] First, let's associate this project directory with a Firebase project.
[info] You can create multiple project aliases by running firebase use --add, 
[info] but for now we'll just set up a default project.
[info] 
[debug] [2023-07-23T17:01:00.476Z] Using project from CLI flag: ecommerce-site-b963d
[debug] [2023-07-23T17:01:00.491Z] >>> [apiv2][query] GET https://firebase.googleapis.com/v1beta1/projects/ecommerce-site-b963d [none]
[debug] [2023-07-23T17:01:02.397Z] <<< [apiv2][status] GET https://firebase.googleapis.com/v1beta1/projects/ecommerce-site-b963d 200
[debug] [2023-07-23T17:01:02.398Z] <<< [apiv2][body] GET https://firebase.googleapis.com/v1beta1/projects/ecommerce-site-b963d {"projectId":"ecommerce-site-b963d","projectNumber":"886872830683","displayName":"Ecommerce site","name":"projects/ecommerce-site-b963d","resources":{"hostingSite":"ecommerce-site-b963d"},"state":"ACTIVE","etag":"1_a2a505ce-99c2-461b-acd7-673d9057cadb"}
[info] i  Using project ecommerce-site-b963d (Ecommerce site) 
[info] 
=== Hosting:github Setup
[info] 
[info] i  Detected a .git folder at C:\REACT PROJECT\ecommerce-new 
[info] i  Authorizing with GitHub to upload your service account to a GitHub repository's secrets store. 
[info] 
[info] Visit this URL on this device to log in:
[info] https://github.com/login/oauth/authorize?client_id=89cf50f02ac6aaed3484&state=1066152471&redirect_uri=http%3A%2F%2Flocalhost%3A9005&scope=read%3Auser%20repo%20public_repo
[info] 
[info] Waiting for authentication...
